[2022-02-22 13:13:47,550] DEBUG preRegister called. Server=com.sun.jmx.mbeanserver.JmxMBeanServer@66d3c617, name=log4j:logger=kafka.controller (kafka.controller)
[2022-02-22 13:13:50,336] INFO [ControllerEventThread controllerId=0] Starting (kafka.controller.ControllerEventManager$ControllerEventThread)
[2022-02-22 13:13:50,361] INFO [Controller id=0] 0 successfully elected as the controller. Epoch incremented to 1 and epoch zk version is now 1 (kafka.controller.KafkaController)
[2022-02-22 13:13:50,366] INFO [Controller id=0] Creating FeatureZNode at path: /feature with contents: FeatureZNode(Enabled,Features{}) (kafka.controller.KafkaController)
[2022-02-22 13:13:50,411] INFO [Controller id=0] Registering handlers (kafka.controller.KafkaController)
[2022-02-22 13:13:50,415] INFO [Controller id=0] Deleting log dir event notifications (kafka.controller.KafkaController)
[2022-02-22 13:13:50,418] INFO [Controller id=0] Deleting isr change notifications (kafka.controller.KafkaController)
[2022-02-22 13:13:50,419] INFO [Controller id=0] Initializing controller context (kafka.controller.KafkaController)
[2022-02-22 13:13:50,432] INFO [Controller id=0] Initialized broker epochs cache: HashMap(0 -> 25) (kafka.controller.KafkaController)
[2022-02-22 13:13:50,437] DEBUG [Controller id=0] Register BrokerModifications handler for Set(0) (kafka.controller.KafkaController)
[2022-02-22 13:13:50,442] DEBUG [Channel manager on controller 0]: Controller 0 trying to connect to broker 0 (kafka.controller.ControllerChannelManager)
[2022-02-22 13:13:50,450] INFO [RequestSendThread controllerId=0] Starting (kafka.controller.RequestSendThread)
[2022-02-22 13:13:50,452] INFO [Controller id=0] Currently active brokers in the cluster: Set(0) (kafka.controller.KafkaController)
[2022-02-22 13:13:50,452] INFO [Controller id=0] Currently shutting brokers in the cluster: HashSet() (kafka.controller.KafkaController)
[2022-02-22 13:13:50,453] INFO [Controller id=0] Current list of topics in the cluster: HashSet() (kafka.controller.KafkaController)
[2022-02-22 13:13:50,453] INFO [Controller id=0] Fetching topic deletions in progress (kafka.controller.KafkaController)
[2022-02-22 13:13:50,455] INFO [Controller id=0] List of topics to be deleted:  (kafka.controller.KafkaController)
[2022-02-22 13:13:50,455] INFO [Controller id=0] List of topics ineligible for deletion:  (kafka.controller.KafkaController)
[2022-02-22 13:13:50,455] INFO [Controller id=0] Initializing topic deletion manager (kafka.controller.KafkaController)
[2022-02-22 13:13:50,456] INFO [Topic Deletion Manager 0] Initializing manager with initial deletions: Set(), initial ineligible deletions: HashSet() (kafka.controller.TopicDeletionManager)
[2022-02-22 13:13:50,457] INFO [Controller id=0] Sending update metadata request (kafka.controller.KafkaController)
[2022-02-22 13:13:50,469] INFO [ReplicaStateMachine controllerId=0] Initializing replica state (kafka.controller.ZkReplicaStateMachine)
[2022-02-22 13:13:50,470] INFO [ReplicaStateMachine controllerId=0] Triggering online replica state changes (kafka.controller.ZkReplicaStateMachine)
[2022-02-22 13:13:50,475] INFO [ReplicaStateMachine controllerId=0] Triggering offline replica state changes (kafka.controller.ZkReplicaStateMachine)
[2022-02-22 13:13:50,475] DEBUG [ReplicaStateMachine controllerId=0] Started replica state machine with initial state -> HashMap() (kafka.controller.ZkReplicaStateMachine)
[2022-02-22 13:13:50,476] INFO [PartitionStateMachine controllerId=0] Initializing partition state (kafka.controller.ZkPartitionStateMachine)
[2022-02-22 13:13:50,477] INFO [PartitionStateMachine controllerId=0] Triggering online partition state changes (kafka.controller.ZkPartitionStateMachine)
[2022-02-22 13:13:50,479] INFO [RequestSendThread controllerId=0] Controller 0 connected to DESKTOP-1B2D75R.attlocal.net:9092 (id: 0 rack: null) for sending state change requests (kafka.controller.RequestSendThread)
[2022-02-22 13:13:50,481] DEBUG [PartitionStateMachine controllerId=0] Started partition state machine with initial state -> HashMap() (kafka.controller.ZkPartitionStateMachine)
[2022-02-22 13:13:50,481] INFO [Controller id=0] Ready to serve as the new controller with epoch 1 (kafka.controller.KafkaController)
[2022-02-22 13:13:50,489] INFO [Controller id=0] Partitions undergoing preferred replica election:  (kafka.controller.KafkaController)
[2022-02-22 13:13:50,489] INFO [Controller id=0] Partitions that completed preferred replica election:  (kafka.controller.KafkaController)
[2022-02-22 13:13:50,490] INFO [Controller id=0] Skipping preferred replica election for partitions due to topic deletion:  (kafka.controller.KafkaController)
[2022-02-22 13:13:50,490] INFO [Controller id=0] Resuming preferred replica election for partitions:  (kafka.controller.KafkaController)
[2022-02-22 13:13:50,492] INFO [Controller id=0] Starting replica leader election (PREFERRED) for partitions  triggered by ZkTriggered (kafka.controller.KafkaController)
[2022-02-22 13:13:50,509] INFO [Controller id=0] Starting the controller scheduler (kafka.controller.KafkaController)
[2022-02-22 13:13:50,573] INFO [Controller id=0] New topics: [Set(Adminition-accelerations)], deleted topics: [HashSet()], new partition replica assignment [Set(TopicIdReplicaAssignment(Adminition-accelerations,Some(F77-UtnnQZWMCdfVJHFAeg),Map(Adminition-accelerations-0 -> ReplicaAssignment(replicas=0, addingReplicas=, removingReplicas=))))] (kafka.controller.KafkaController)
[2022-02-22 13:13:50,574] INFO [Controller id=0] New partition creation callback for Adminition-accelerations-0 (kafka.controller.KafkaController)
[2022-02-22 13:13:50,613] INFO [Controller id=0] New topics: [Set(Adminition-locations)], deleted topics: [HashSet()], new partition replica assignment [Set(TopicIdReplicaAssignment(Adminition-locations,Some(6FTiV0yrQ060J6PG4IonYg),Map(Adminition-locations-0 -> ReplicaAssignment(replicas=0, addingReplicas=, removingReplicas=))))] (kafka.controller.KafkaController)
[2022-02-22 13:13:50,613] INFO [Controller id=0] New partition creation callback for Adminition-locations-0 (kafka.controller.KafkaController)
[2022-02-22 13:13:55,512] INFO [Controller id=0] Processing automatic preferred replica leader election (kafka.controller.KafkaController)
[2022-02-22 13:13:55,512] TRACE [Controller id=0] Checking need to trigger auto leader balancing (kafka.controller.KafkaController)
[2022-02-22 13:13:55,515] DEBUG [Controller id=0] Topics not in preferred replica for broker 0 Map() (kafka.controller.KafkaController)
[2022-02-22 13:13:55,515] TRACE [Controller id=0] Leader imbalance ratio for broker 0 is 0.0 (kafka.controller.KafkaController)
