[2022-02-22 13:13:50,460] INFO [Controller id=0 epoch=1] Sending UpdateMetadata request to brokers HashSet(0) for 0 partitions (state.change.logger)
[2022-02-22 13:13:50,577] INFO [Controller id=0 epoch=1] Changed partition Adminition-accelerations-0 state from NonExistentPartition to NewPartition with assigned replicas 0 (state.change.logger)
[2022-02-22 13:13:50,577] INFO [Controller id=0 epoch=1] Sending UpdateMetadata request to brokers HashSet() for 0 partitions (state.change.logger)
[2022-02-22 13:13:50,580] INFO [Controller id=0 epoch=1] Sending UpdateMetadata request to brokers HashSet() for 0 partitions (state.change.logger)
[2022-02-22 13:13:50,605] INFO [Controller id=0 epoch=1] Changed partition Adminition-accelerations-0 from NewPartition to OnlinePartition with state LeaderAndIsr(leader=0, leaderEpoch=0, isr=List(0), zkVersion=0) (state.change.logger)
[2022-02-22 13:13:50,606] INFO [Controller id=0 epoch=1] Sending LeaderAndIsr request to broker 0 with 1 become-leader and 0 become-follower partitions (state.change.logger)
[2022-02-22 13:13:50,609] INFO [Controller id=0 epoch=1] Sending UpdateMetadata request to brokers HashSet(0) for 1 partitions (state.change.logger)
[2022-02-22 13:13:50,610] INFO [Controller id=0 epoch=1] Sending UpdateMetadata request to brokers HashSet() for 0 partitions (state.change.logger)
[2022-02-22 13:13:50,613] INFO [Controller id=0 epoch=1] Changed partition Adminition-locations-0 state from NonExistentPartition to NewPartition with assigned replicas 0 (state.change.logger)
[2022-02-22 13:13:50,614] INFO [Controller id=0 epoch=1] Sending UpdateMetadata request to brokers HashSet() for 0 partitions (state.change.logger)
[2022-02-22 13:13:50,614] INFO [Controller id=0 epoch=1] Sending UpdateMetadata request to brokers HashSet() for 0 partitions (state.change.logger)
[2022-02-22 13:13:50,614] INFO [Broker id=0] Handling LeaderAndIsr request correlationId 1 from controller 0 for 1 partitions (state.change.logger)
[2022-02-22 13:13:50,624] INFO [Controller id=0 epoch=1] Changed partition Adminition-locations-0 from NewPartition to OnlinePartition with state LeaderAndIsr(leader=0, leaderEpoch=0, isr=List(0), zkVersion=0) (state.change.logger)
[2022-02-22 13:13:50,625] INFO [Controller id=0 epoch=1] Sending LeaderAndIsr request to broker 0 with 1 become-leader and 0 become-follower partitions (state.change.logger)
[2022-02-22 13:13:50,625] INFO [Controller id=0 epoch=1] Sending UpdateMetadata request to brokers HashSet(0) for 1 partitions (state.change.logger)
[2022-02-22 13:13:50,625] INFO [Controller id=0 epoch=1] Sending UpdateMetadata request to brokers HashSet() for 0 partitions (state.change.logger)
[2022-02-22 13:13:50,645] INFO [Broker id=0] Stopped fetchers as part of LeaderAndIsr request correlationId 1 from controller 0 epoch 1 as part of the become-leader transition for 1 partitions (state.change.logger)
[2022-02-22 13:13:50,731] INFO [Broker id=0] Leader Adminition-accelerations-0 starts at leader epoch 0 from offset 0 with high watermark 0 ISR [0] addingReplicas [] removingReplicas []. Previous leader epoch was -1. (state.change.logger)
[2022-02-22 13:13:50,742] INFO [Broker id=0] Finished LeaderAndIsr request in 130ms correlationId 1 from controller 0 for 1 partitions (state.change.logger)
[2022-02-22 13:13:50,749] INFO [Broker id=0] Add 1 partitions and deleted 0 partitions from metadata cache in response to UpdateMetadata request sent by controller 0 epoch 1 with correlation id 2 (state.change.logger)
[2022-02-22 13:13:50,750] INFO [Broker id=0] Handling LeaderAndIsr request correlationId 3 from controller 0 for 1 partitions (state.change.logger)
[2022-02-22 13:13:50,751] INFO [Broker id=0] Stopped fetchers as part of LeaderAndIsr request correlationId 3 from controller 0 epoch 1 as part of the become-leader transition for 1 partitions (state.change.logger)
[2022-02-22 13:13:50,762] INFO [Broker id=0] Leader Adminition-locations-0 starts at leader epoch 0 from offset 0 with high watermark 0 ISR [0] addingReplicas [] removingReplicas []. Previous leader epoch was -1. (state.change.logger)
[2022-02-22 13:13:50,766] INFO [Broker id=0] Finished LeaderAndIsr request in 16ms correlationId 3 from controller 0 for 1 partitions (state.change.logger)
[2022-02-22 13:13:50,768] INFO [Broker id=0] Add 1 partitions and deleted 0 partitions from metadata cache in response to UpdateMetadata request sent by controller 0 epoch 1 with correlation id 4 (state.change.logger)
