1640149974547	geckodriver	INFO	Listening on 127.0.0.1:56764
1640149977588	mozrunner::runner	INFO	Running command: "C:\\Program Files\\Mozilla Firefox\\firefox.exe" "--marionette" "-no-remote" "-profile" "C:\\Users\\stonk013\\AppData\\Local\\Temp\\rust_mozprofileAJ4LqN"
1640149977914	Marionette	INFO	Marionette enabled
console.warn: SearchSettings: "get: No settings file exists, new profile?" (new NotFoundError("Could not open the file at C:\\Users\\stonk013\\AppData\\Local\\Temp\\rust_mozprofileAJ4LqN\\search.json.mozlz4", (void 0)))
1640149979920	Marionette	INFO	Listening on port 56773
1640149980217	RemoteAgent	WARN	TLS certificate errors will be ignored for this session
console.log: WebExtensions: reset-default-search: starting.
console.log: WebExtensions: reset-default-search: No addons in our list are installed.
1640153669251	Marionette	INFO	Stopped listening on port 56773
console.warn: TopSitesFeed: Failed to fetch data from Contile server: NetworkError when attempting to fetch resource.
JavaScript error: chrome://remote/content/marionette/cert.js, line 55: NS_ERROR_NOT_AVAILABLE: Component returned failure code: 0x80040111 (NS_ERROR_NOT_AVAILABLE) [nsICertOverrideService.setDisableAllSecurityChecksAndLetAttackersInterceptMyData]
g on port 56843
1640150022436	RemoteAgent	WARN	TLS certificate errors will be ignored for this session
JavaScript error: https://newsource-embed-prd.ns.cnn.com/videos/googlesdk.js, line 427: Error: IMA SDK is either not loaded from a google domain or is not a supported version.
[Child 9508, MediaDecoderStateMachine #1] WARNING: 214547d5660 Could not set cubeb stream name.: file /builds/worker/checkouts/gecko/dom/media/AudioStream.cpp:367
Unable to read VR Path Registry from C:\Users\stonk013\AppData\Local\openvr\openvrpaths.vrpath
JavaScript warning: https://pagead2.googlesyndication.com/bg/b_8rsBg2pSAE7OSEuXeXkmKAJRzK7XLbOE8Wp2RNR2Q.js line 1 > eval line 3073 > eval, line 1: WEBGL_debug_renderer_info is deprecated in Firefox and will be removed. Please use RENDERER.
JavaScript warning: https://z.moatads.com/espndfp832188684382/moatad.js#moatClientLevel1=4945030746&moatClientLevel2=2955035950&moatClientLevel3=5863391645&moatClientLevel4=138375739076&moatClientSlicer1=21782482296&moatClientSlicer2=21792374099&zMoatPS=leaderboard1&zMoatSW=&zMoatAdUnitPath=/21783347309/kgo/abc7news.com/web/education&zMoatMData=&zMoatSZ=728x90&zMoatMGV=&zMoatMSafety=&zMoatMMV=, line 255: WEBGL_debug_renderer_info is deprecated in Firefox and will be removed. Please use RENDERER.
JavaScript warning: https://creative-p.undertone.com/2150/92198-1636093837/m67-0.html, line 1: asm.js type error: duplicate name 'e' not allowed
JavaScript error: resource://devtools/server/actors/network-monitor/network-event-actor.js, line 110: Error: Got a request https://www.gstatic.com/recaptcha/releases/VZKEDW9wslPbEc9RmzMqaOAP/styles__ltr.css without a browsingContextID set
JavaScript warning: https://creative-p.undertone.com/2150/92198-1636093837/m67-0.html, line 0: asm.js type error: Asm.js optimizer disabled because debugger is active
JavaScript warning: https://z.moatads.com/abcimavideo618769704984/moatvideo.js#_moatApi4142720, line 262: WEBGL_debug_renderer_info is deprecated in Firefox and will be removed. Please use RENDERER.
JavaScript warning: https://pagead2.googlesyndication.com/bg/b_8rsBg2pSAE7OSEuXeXkmKAJRzK7XLbOE8Wp2RNR2Q.js line 1 > eval line 4373 > eval, line 1: WEBGL_debug_renderer_info is deprecated in Firefox and will be removed. Please use RENDERER.
JavaScript error: , line 0: TypeError: NetworkError when attempting to fetch resource.
JavaScript error: , line 0: TypeError: NetworkError when attempting to fetch resource.
console.log: WebExtensions: reset-default-search: starting.
console.log: WebExtensions: reset-default-search: No addons in our list are installed.
1640153573465	Marionette	INFO	Stopped listening on port 56843
[Parent 6320, IPC I/O Parent] WARNING: file /builds/worker/checkouts/gecko/ipc/chromium/src/base/process_util_win.cc:167

###!!! [Parent][MessageChannel] Error: (msgtype=0x39014F,name=PContent::Reply_DiscardBrowsingContext) Closed channel: cannot send/recv


###!!! [Parent][MessageChannel] Error: (msgtype=0x39014F,name=PContent::Reply_DiscardBrowsingContext) Closed channel: cannot send/recv


###!!! [Parent][MessageChannel] Error: (msgtype=0x39014F,name=PContent::Reply_DiscardBrowsingContext) Closed channel: cannot send/recv


###!!! [Parent][MessageChannel] Error: (msgtype=0x39014F,name=PContent::Reply_DiscardBrowsingContext) Closed channel: cannot send/recv


###!!! [Parent][MessageChannel] Error: (msgtype=0x39014F,name=PContent::Reply_DiscardBrowsingContext) Closed channel: cannot send/recv


###!!! [Parent][MessageChannel] Error: (msgtype=0x39014F,name=PContent::Reply_DiscardBrowsingContext) Closed channel: cannot send/recv


###!!! [Parent][MessageChannel] Error: (msgtype=0x39014F,name=PContent::Reply_DiscardBrowsingContext) Closed channel: cannot send/recv


###!!! [Parent][MessageChannel] Error: (msgtype=0x39014F,name=PContent::Reply_DiscardBrowsingContext) Closed channel: cannot send/recv


###!!! [Parent][MessageChannel] Error: (msgtype=0x39014F,name=PContent::Reply_DiscardBrowsingContext) Closed channel: cannot send/recv


###!!! [Parent][MessageChannel] Error: (msgtype=0x39014F,name=PContent::Reply_DiscardBrowsingContext) Closed channel: cannot send/recv


###!!! [Parent][MessageChannel] Error: (msgtype=0x39014F,name=PContent::Reply_DiscardBrowsingContext) Closed channel: cannot send/recv


###!!! [Parent][MessageChannel] Error: (msgtype=0x39014F,name=PContent::Reply_DiscardBrowsingContext) Closed channel: cannot send/recv


###!!! [Parent][MessageChannel] Error: (msgtype=0x39014F,name=PContent::Reply_DiscardBrowsingContext) Closed channel: cannot send/recv


###!!! [Parent][MessageChannel] Error: (msgtype=0x39014F,name=PContent::Reply_DiscardBrowsingContext) Closed channel: cannot send/recv


###!!! [Parent][MessageChannel] Error: (msgtype=0x39014F,name=PContent::Reply_DiscardBrowsingContext) Closed channel: cannot send/recv


###!!! [Parent][MessageChannel] Error: (msgtype=0x39014F,name=PContent::Reply_DiscardBrowsingContext) Closed channel: cannot send/recv


###!!! [Parent][MessageChannel] Error: (msgtype=0x39014F,name=PContent::Reply_DiscardBrowsingContext) Closed channel: cannot send/recv


###!!! [Parent][MessageChannel] Error: (msgtype=0x39014F,name=PContent::Reply_DiscardBrowsingContext) Closed channel: cannot send/recv


###!!! [Parent][MessageChannel] Error: (msgtype=0x39014F,name=PContent::Reply_DiscardBrowsingContext) Closed channel: cannot send/recv


###!!! [Child][RunMessage] Error: Channel closing: too late to send/recv, messages will be lost


###!!! [Child][RunMessage] Error: Channel closing: too late to send/recv, messages will be lost


###!!! [Parent][MessageChannel] Error: (msgtype=0x39007A,name=PContent::Msg_DestroyBrowsingContextGroup) Closed channel: cannot send/recv


###!!! [Child][RunMessage] Error: Channel closing: too late to send/recv, messages will be lost


###!!! [Child][RunMessage] Error: Channel closing: too late to send/recv, messages will be lost


###!!! [Child][RunMessage] Error: Channel closing: too late to send/recv, messages will be lost


###!!! [Child][RunMessage] Error: Channel closing: too late to send/recv, messages will be lost


###!!! [Child][RunMessage] Error: Channel closing: too late to send/recv, messages will be lost


###!!! [Child][RunMessage] Error: Channel closing: too late to send/recv, messages will be lost


###!!! [Child][RunMessage] Error: Channel closing: too late to send/recv, messages will be lost


###!!! [Child][RunMessage] Error: Channel closing: too late to send/recv, messages will be lost


###!!! [Child][RunMessage] Error: Channel closing: too late to send/recv, messages will be lost


###!!! [Child][RunMessage] Error: Channel closing: too late to send/recv, messages will be lost


###!!! [Child][RunMessage] Error: Channel closing: too late to send/recv, messages will be lost


###!!! [Child][RunMessage] Error: Channel closing: too late to send/recv, messages will be lost


###!!! [Child][RunMessage] Error: Channel closing: too late to send/recv, messages will be lost


###!!! [Child][RunMessage] Error: Channel closing: too late to send/recv, messages will be lost


###!!! [Child][RunMessage] Error: Channel closing: too late to send/recv, messages will be lost


###!!! [Child][RunMessage] Error: Channel closing: too late to send/recv, messages will be lost


###!!! [Child][RunMessage] Error: Channel closing: too late to send/recv, messages will be lost


###!!! [Child][MessageChannel] Error: (msgtype=0x390147,name=PContent::Msg_ScriptError) Channel closing: too late to send/recv, messages will be lost


###!!! [Child][RunMessage] Error: Channel closing: too late to send/recv, messages will be lost


###!!! [Child][RunMessage] Error: Channel closing: too late to send/recv, messages will be lost


###!!! [Child][RunMessage] Error: Channel closing: too late to send/recv, messages will be lost


###!!! [Child][RunMessage] Error: Channel closing: too late to send/recv, messages will be lost


###!!! [Child][RunMessage] Error: Channel closing: too late to send/recv, messages will be lost


###!!! [Child][RunMessage] Error: Channel closing: too late to send/recv, messages will be lost


###!!! [Child][RunMessage] Error: Channel closing: too late to send/recv, messages will be lost


###!!! [Child][RunMessage] Error: Channel closing: too late to send/recv, messages will be lost


###!!! [Child][RunMessage] Error: Channel closing: too late to send/recv, messages will be lost


###!!! [Child][RunMessage] Error: Channel closing: too late to send/recv, messages will be lost

1640227508252	geckodriver	INFO	Listening on 127.0.0.1:64535
1640227511280	mozrunner::runner	INFO	Running command: "C:\\Program Files\\Mozilla Firefox\\firefox.exe" "--marionette" "-no-remote" "-profile" "C:\\Users\\stonk013\\AppData\\Local\\Temp\\rust_mozprofileJm6Paw"
1640227511615	Marionette	INFO	Marionette enabled
console.warn: SearchSettings: "get: No settings file exists, new profile?" (new NotFoundError("Could not open the file at C:\\Users\\stonk013\\AppData\\Local\\Temp\\rust_mozprofileJm6Paw\\search.json.mozlz4", (void 0)))
1640227513355	Marionette	INFO	Listening on port 64547
1640227513453	RemoteAgent	WARN	TLS certificate errors will be ignored for this session
JavaScript error: https://newsource-embed-prd.ns.cnn.com/videos/googlesdk.js, line 427: Error: IMA SDK is either not loaded from a google domain or is not a supported version.
[Child 8324, MediaDecoderStateMachine #1] WARNING: 2335056a580 Could not set cubeb stream name.: file /builds/worker/checkouts/gecko/dom/media/AudioStream.cpp:367
JavaScript warning: https://z.moatads.com/espndfp832188684382/moatad.js#moatClientLevel1=4945030746&moatClientLevel2=2955035950&moatClientLevel3=5863391645&moatClientLevel4=138375739076&moatClientSlicer1=21782482296&moatClientSlicer2=21792374099&zMoatPS=leaderboard1&zMoatSW=&zMoatAdUnitPath=/21783347309/kgo/abc7news.com/web/education&zMoatMData=&zMoatSZ=728x90&zMoatMGV=&zMoatMSafety=&zMoatMMV=, line 255: WEBGL_debug_renderer_info is deprecated in Firefox and will be removed. Please use RENDERER.
JavaScript warning: https://pagead2.googlesyndication.com/bg/f8gou5y2Dfq0zn72-W9hYw99gWviw2ua4IRi-orcC78.js line 1 > eval line 7656 > eval line 1 > eval, line 1: WEBGL_debug_renderer_info is deprecated in Firefox and will be removed. Please use RENDERER.
JavaScript warning: https://pagead2.googlesyndication.com/bg/f8gou5y2Dfq0zn72-W9hYw99gWviw2ua4IRi-orcC78.js line 1 > eval line 7751 > eval line 1 > eval, line 1: WEBGL_debug_renderer_info is deprecated in Firefox and will be removed. Please use RENDERER.
JavaScript warning: https://creative-p.undertone.com/631/92341-1635783876/m67-0.html, line 1: asm.js type error: duplicate name 'e' not allowed
JavaScript error: resource://devtools/server/actors/network-monitor/network-event-actor.js, line 110: Error: Got a request https://fonts.googleapis.com/css?family=Archivo+Narrow:700 without a browsingContextID set
JavaScript error: resource://devtools/server/actors/network-monitor/network-event-actor.js, line 110: Error: Got a request https://www.gstatic.com/recaptcha/releases/VZKEDW9wslPbEc9RmzMqaOAP/styles__ltr.css without a browsingContextID set
JavaScript warning: https://creative-p.undertone.com/631/92341-1635783876/m67-0.html, line 0: asm.js type error: Asm.js optimizer disabled because debugger is active
SourceActor threw an exception: [Exception... "Component returned failure code: 0x80470002 (NS_BASE_STREAM_CLOSED) [nsIInputStream.available]"  nsresult: "0x80470002 (NS_BASE_STREAM_CLOSED)"  location: "JS frame :: resource://devtools/shared/DevToolsUtils.js :: onResponse :: line 567"  data: no]
Stack: onResponse@resource://devtools/shared/DevToolsUtils.js:567:34
onStopRequest@resource://gre/modules/NetUtil.jsm:128:18
Line: 567, column: 0
console.error: ({})
JavaScript error: resource://devtools/shared/DevToolsUtils.js, line 567: NS_BASE_STREAM_CLOSED: Component returned failure code: 0x80470002 (NS_BASE_STREAM_CLOSED) [nsIInputStream.available]
console.log: WebExtensions: reset-default-search: starting.
console.log: WebExtensions: reset-default-search: No addons in our list are installed.
JavaScript error: resource://gre/modules/AsyncShutdown.jsm, line 575: NotFoundError: No such JSWindowActor 'DevToolsFrame'
1640229418804	Marionette	INFO	Stopped listening on port 64547
JavaScript error: , line 0: TypeError: NetworkError when attempting to fetch resource.
JavaScript error: , line 0: TypeError: NetworkError when attempting to fetch resource.
JavaScript error: , line 0: TypeError: NetworkError when attempting to fetch resource.
JavaScript error: , line 0: TypeError: NetworkError when attempting to fetch resource.
JavaScript error: , line 0: TypeError: NetworkError when attempting to fetch resource.

###!!! [Child][RunMessage] Error: Channel closing: too late to send/recv, messages will be lost


###!!! [Child][RunMessage] Error: Channel closing: too late to send/recv, messages will be lost


###!!! [Child][MessageChannel] Error: (msgtype=0x590007,name=PHttpChannel::Msg_RemoveCorsPreflightCacheEntry) Channel closing: too late to send/recv, messages will be lost


###!!! [Child][MessageChannel] Error: (msgtype=0x590008,name=PHttpChannel::Msg_DeletingChannel) Channel closing: too late to send/recv, messages will be lost


###!!! [Child][RunMessage] Error: Channel closing: too late to send/recv, messages will be lost


###!!! [Child][RunMessage] Error: Channel closing: too late to send/recv, messages will be lost


###!!! [Child][RunMessage] Error: Channel closing: too late to send/recv, messages will be lost


###!!! [Child][RunMessage] Error: Channel closing: too late to send/recv, messages will be lost


###!!! [Child][MessageChannel] Error: (msgtype=0x390147,name=PContent::Msg_ScriptError) Channel closing: too late to send/recv, messages will be lost

console.warn: TopSitesFeed: Failed to fetch data from Contile server: NetworkError when attempting to fetch resource.
JavaScript error: chrome://remote/content/marionette/cert.js, line 55: NS_ERROR_NOT_AVAILABLE: Component returned failure code: 0x80040111 (NS_ERROR_NOT_AVAILABLE) [nsICertOverrideService.setDisableAllSecurityChecksAndLetAttackersInterceptMyData]
 > eval, line 1: WEBGL_debug_renderer_info is deprecated in Firefox and will be removed. Please use RENDERER.
JavaScript warning: https://creative-p.undertone.com/631/92341-1635783876/m67-0.html, line 1: asm.js type error: duplicate name 'e' not allowed
JavaScript error: resource://devtools/server/actors/network-monitor/network-event-actor.js, line 110: Error: Got a request https://fonts.googleapis.com/css?family=Archivo+Narrow:700 without a browsingContextID set
JavaScript warning: https://creative-p.undertone.com/631/92341-1635783876/m67-0.html, line 0: asm.js type error: Asm.js optimizer disabled because debugger is active
JavaScript error: resource://devtools/server/actors/network-monitor/network-event-actor.js, line 110: Error: Got a request https://www.gstatic.com/recaptcha/releases/VZKEDW9wslPbEc9RmzMqaOAP/styles__ltr.css without a browsingContextID set
console.log: WebExtensions: reset-default-search: starting.
console.log: WebExtensions: reset-default-search: No addons in our list are installed.
JavaScript error: , line 0: TypeError: NetworkError when attempting to fetch resource.
JavaScript error: , line 0: TypeError: NetworkError when attempting to fetch resource.
JavaScript error: , line 0: TypeError: NetworkError when attempting to fetch resource.
JavaScript error: , line 0: TypeError: NetworkError when attempting to fetch resource.
JavaScript error: , line 0: TypeError: NetworkError when attempting to fetch resource.
JavaScript error: https://newsource-embed-prd.ns.cnn.com/videos/googlesdk.js, line 427: Error: IMA SDK is either not loaded from a google domain or is not a supported version.
[Child 9864, MediaDecoderStateMachine #2] WARNING: 1e9734f7900 Could not set cubeb stream name.: file /builds/worker/checkouts/gecko/dom/media/AudioStream.cpp:367
JavaScript warning: https://pagead2.googlesyndication.com/bg/f8gou5y2Dfq0zn72-W9hYw99gWviw2ua4IRi-orcC78.js line 1 > eval line 4376 > eval line 1 > eval, line 1: WEBGL_debug_renderer_info is deprecated in Firefox and will be removed. Please use RENDERER.
JavaScript warning: https://z.moatads.com/espndfp832188684382/moatad.js#moatClientLevel1=4945030746&moatClientLevel2=2955035950&moatClientLevel3=5863391645&moatClientLevel4=138375739076&moatClientSlicer1=21782482296&moatClientSlicer2=21792374099&zMoatPS=leaderboard1&zMoatSW=&zMoatAdUnitPath=/21783347309/kgo/abc7news.com/web/education&zMoatMData=&zMoatSZ=728x90&zMoatMGV=&zMoatMSafety=&zMoatMMV=, line 255: WEBGL_debug_renderer_info is deprecated in Firefox and will be removed. Please use RENDERER.
JavaScript error: resource://gre/modules/AsyncShutdown.jsm, line 575: NotFoundError: No such JSWindowActor 'DevToolsFrame'
1640229421668	Marionette	INFO	Stopped listening on port 64909
JavaScript error: , line 0: TypeError: NetworkError when attempting to fetch resource.
JavaScript error: , line 0: TypeError: NetworkError when attempting to fetch resource.
JavaScript error: , line 0: TypeError: NetworkError when attempting to fetch resource.

###!!! [Child][MessageChannel] Error: (msgtype=0x390147,name=PContent::Msg_ScriptError1640229423547	Marionette	INFO	Stopped listening on port 65448
console.warn: TopSitesFeed: Failed to fetch data from Contile server: NetworkError when attempting to fetch resource.
JavaScript error: , line 0: TypeError: NetworkError when attempting to fetch resource.
JJaavvaaSSccrriipptt  eerrrroorr::  c,h rloimnee: /0/:r eTmyopteeE/rcroonrt:e nNte/tmwaorrikoEnrertotre /wcheernt .ajtst, line 55: NS_ERROR_NOT_AVAILABLE: Component returned failure code: 0x80040111 (NS_ERROR_NOT_AVAILABLE) [nsICertOverrideService.setDisableAllSecurityChecksAndLetAttackersInterceptMyData]
empting to fetch resource.
JavaScript error: , line 0: TypeError: NetworkError when attempting to fetch resource.
JavaScript error: , line 0: TypeError: NetworkError when attempting to fetch resource.
JavaScript error: , line 0: TypeError: NetworkError when attempting to fetch resource.

###!!! [Parent][RunMessage] Error: Channel closing: too late to send/recv, messages will be lost

0746&moatClientLevel2=2955035950&moatClientLevel3=5863391645&moatClientLevel4=138375739076&moatClientSlicer1=21782482296&moatClientSlicer2=21792374099&zMoatPS=leaderboard1&zMoatSW=&zMoatAdUnitPath=/21783347309/kgo/abc7news.com/web/education&zMoatMData=&zMoatSZ=728x90&zMoatMGV=&zMoatMSafety=&zMoatMMV=, line 255: WEBGL_debug_renderer_info is deprecated in Firefox and will be removed. Please use RENDERER.
JavaScript warning: https://pagead2.googlesyndication.com/bg/f8gou5y2Dfq0zn72-W9hYw99gWviw2ua4IRi-orcC78.js line 1 > eval line 5238 > eval, line 1: WEBGL_debug_renderer_info is deprecated in Firefox and will be removed. Please use RENDERER.
JavaScript warning: https://pagead2.googlesyndication.com/bg/f8gou5y2Dfq0zn72-W9hYw99gWviw2ua4IRi-orcC78.js line 1 > eval line 5093 > eval line 1 > eval, line 1: WEBGL_debug_renderer_info is deprecated in Firefox and will be removed. Please use RENDERER.
JavaScript warning: https://creative-p.undertone.com/2150/92144-1635261886/m67-0.html, line 1: asm.js type error: duplicate name 'e' not allowed
console.log: WebExtensions: reset-default-search: starting.
console.log: WebExtensions: reset-default-search: No addons in our list are installed.
1640229425163	Marionette	INFO	Stopped listening on port 49313
console.warn: TopSitesFeed: Failed to fetch data from Contile server: NetworkError when attempting to fetch resource.
JavaScript error: , line 0: TypeError: NetworkError when attempting to fetch resource.
JavaScript error: , line 0: TypeError: NetworkError when attempting to fetch resource.
JavaScript error: , line 0: TypeError: NetworkError when attempting to fetch resource.
JavaScript error: , line 0: TypeError: NetworkError when attempting to fetch resource.
JavaScript error: , line 0: TypeError: NetworkError when attempting to fetch resource.
JavaScript error: , line 0: TypeError: NetworkError when attempting to fetch resource.

###!!! [Parent][RunMessage] Error: Channel closing: too late to send/recv, messages will be lost

le /builds/worker/checkouts/gecko/dom/media/AudioStream.cpp:367
JavaScript warning: https://z.moatads.com/espndfp832188684382/moatad.js#moatClientLevel1=4945030746&moatClientLevel2=2955035950&moatClientLevel3=5863391645&moatClientLevel4=138375739076&moatClientSlicer1=21782482296&moatClientSlicer2=21792374099&zMoatPS=leaderboard1&zMoatSW=&zMoatAdUnitPath=/21783347309/kgo/abc7news.com/web/education&zMoatMData=&zMoatSZ=728x90&zMoatMGV=&zMoatMSafety=&zMoatMMV=, line 255: WEBGL_debug_renderer_info is deprecated in Firefox and will be removed. Please use RENDERER.
JavaScript warning: https://pagead2.googlesyndication.com/bg/f8gou5y2Dfq0zn72-W9hYw99gWviw2ua4IRi-orcC78.js line 1 > eval line 6794 > eval line 1 > eval, line 1: WEBGL_debug_renderer_info is deprecated in Firefox and will be removed. Please use RENDERER.
JavaScript warning: https://pagead2.googlesyndication.com/bg/f8gou5y2Dfq0zn72-W9hYw99gWviw2ua4IRi-orcC78.js line 1 > eval line 7005 > eval, line 1: WEBGL_debug_renderer_info is deprecated in Firefox and will be removed. Please use RENDERER.
JavaScript warning: https://creative-p.undertone.com/2150/92144-1635261886/m67-0.html, line 1: asm.js type error: duplicate name 'e' not allowed
console.log: WebExtensions: reset-default-search: starting.
console.log: WebExtensions: reset-default-search: No addons in our list are installed.
1640229426912	Marionette	INFO	Stopped listening on port 49576
JavaScript error: , line 0: TypeError: NetworkError when attempting to fetch resource.
JavaScript error: , line 0: TypeError: NetworkError when attempting to fetch resource.
JavaScript error: , line 0: TypeError: NetworkError when attempting to fetch resource.
JavaScript error: , line 0: TypeError: NetworkError when attempting to fetch resource.
JavaScript error: , line 0: TypeError: NetworkError when attempting to fetch resource.
console.warn: TopSitesFeed: Failed to fetch data from Contile server: NetworkError when attempting to fetch resource.

###!!! [Parent][RunMessage] Error: Channel closing: too late to send/recv, messages will be lost

, MediaDecoderStateMachine #1] WARNING: 169983f44a0 Could not set cubeb stream name.: file /builds/worker/checkouts/gecko/dom/media/AudioStream.cpp:367
Unable to read VR Path Registry from C:\Users\stonk013\AppData\Local\openvr\openvrpaths.vrpath
JavaScript warning: https://z.moatads.com/espndfp832188684382/moatad.js#moatClientLevel1=4729836645&moatClientLevel2=2534695438&moatClientLevel3=5836903178&moatClientLevel4=138371886130&moatClientSlicer1=21782482296&moatClientSlicer2=21792374099&zMoatPS=sponsoredByLogo&zMoatSW=&zMoatAdUnitPath=/21783347309/kgo/abc7news.com/web/education&zMoatMData=&zMoatSZ=320x51&zMoatMGV=&zMoatMSafety=&zMoatMMV=, line 255: WEBGL_debug_renderer_info is deprecated in Firefox and will be removed. Please use RENDERER.
JavaScript warning: https://pagead2.googlesyndication.com/bg/f8gou5y2Dfq0zn72-W9hYw99gWviw2ua4IRi-orcC78.js line 1 > eval line 3840 > eval, line 1: WEBGL_debug_renderer_info is deprecated in Firefox and will be removed. Please use RENDERER.
JavaScript warning: https://pagead2.googlesyndication.com/bg/f8gou5y2Dfq0zn72-W9hYw99gWviw2ua4IRi-orcC78.js line 1 > eval line 2326 > eval line 1 > eval, line 1: WEBGL_debug_renderer_info is deprecated in Firefox and will be removed. Please use RENDERER.
JavaScript warning: https://creative-p.undertone.com/2150/92144-1635261886/m67-0.html, line 1: asm.js type error: duplicate name 'e' not allowed
1640229428659	Marionette	INFO	Stopped listening on port 49927
JavaScript error: , line 0: TypeError: NetworkError when attempting to fetch resource.
JavaScript error: , line 0: TypeError: NetworkError when attempting to fetch resource.
JavaScript error: , line 0: TypeError: NetworkError when attempting to fetch resource.
JavaScript error: , line 0: TypeError: NetworkError when attempting to fetch resource.
JavaScript error: , line 0: TypeError: NetworkError when attempting to fetch resource.
console.warn: TopSitesFeed: Failed to fetch data from Contile server: NetworkError when attempting to fetch resource.
WARN	TLS certificate errors will be ignored for this session
JavaScript error: https://newsource-embed-prd.ns.cnn.com/videos/googlesdk.js, line 427: Error: IMA SDK is either not loaded from a google domain or is not a supported version.
[Child 20380, MediaDecoderStateMachine #1] WARNING: 2a0a6b509e0 Could not set cubeb stream name.: file /builds/worker/checkouts/gecko/dom/media/AudioStream.cpp:367
JavaScript warning: https://z.moatads.com/espndfp832188684382/moatad.js#moatClientLevel1=4945030746&moatClientLevel2=2955035950&moatClientLevel3=5863391645&moatClientLevel4=138375739076&moatClientSlicer1=21782482296&moatClientSlicer2=21792374099&zMoatPS=leaderboard1&zMoatSW=&zMoatAdUnitPath=/21783347309/kgo/abc7news.com/web/education&zMoatMData=&zMoatSZ=728x90&zMoatMGV=&zMoatMSafety=&zMoatMMV=, line 255: WEBGL_debug_renderer_info is deprecated in Firefox and will be removed. Please use RENDERER.
JavaScript warning: https://pagead2.googlesyndication.com/bg/f8gou5y2Dfq0zn72-W9hYw99gWviw2ua4IRi-orcC78.js line 1 > eval line 4207 > eval, line 1: WEBGL_debug_renderer_info is deprecated in Firefox and will be removed. Please use RENDERER.
JavaScript warning: https://pagead2.googlesyndication.com/bg/f8gou5y2Dfq0zn72-W9hYw99gWviw2ua4IRi-orcC78.js line 1 > eval line 115 > eval, line 1: WEBGL_debug_renderer_info is deprecated in Firefox and will be removed. Please use RENDERER.
JavaScript warning: https://creative-p.undertone.com/2150/92144-1635261886/m67-0.html, line 1: asm.js type error: duplicate name 'e' not allowed
1640229430464	Marionette	INFO	Stopped listening on port 50194
JavaScript error: , line 0: TypeError: NetworkError when attempting to fetch resource.
JavaScript error: , line 0: TypeError: NetworkError when attempting to fetch resource.
JavaScript error: , line 0: TypeError: NetworkError when attempting to fetch resource.
JavaScript error: , line 0: TypeError: NetworkError when attempting to fetch resource.
JavaScript error: , line 0: TypeError: NetworkError when attempting to fetch resource.
console.warn: TopSitesFeed: Failed to fetch data from Contile server: NetworkError when attempting to fetch resource.
JavaScript error: chrome://remote/content/marionette/cert.js, line 55: NS_ERROR_NOT_AVAILABLE: Component returned failure code: 0x80040111 (NS_ERROR_NOT_AVAILABLE) [nsICertOverrideService.setDisableAllSecurityChecksAndLetAttackersInterceptMyData]

###!!! [Parent][RunMessage] Error: Channel closing: too late to send/recv, messages will be lost

worker/checkouts/gecko/dom/media/AudioStream.cpp:367
JavaScript warning: https://pagead2.googlesyndication.com/bg/f8gou5y2Dfq0zn72-W9hYw99gWviw2ua4IRi-orcC78.js line 1 > eval line 4291 > eval line 1 > eval, line 1: WEBGL_debug_renderer_info is deprecated in Firefox and will be removed. Please use RENDERER.
JavaScript warning: https://z.moatads.com/espndfp832188684382/moatad.js#moatClientLevel1=4945030746&moatClientLevel2=2955035950&moatClientLevel3=5863391645&moatClientLevel4=138375739076&moatClientSlicer1=21782482296&moatClientSlicer2=21792374099&zMoatPS=leaderboard1&zMoatSW=&zMoatAdUnitPath=/21783347309/kgo/abc7news.com/web/education&zMoatMData=&zMoatSZ=728x90&zMoatMGV=&zMoatMSafety=&zMoatMMV=, line 255: WEBGL_debug_renderer_info is deprecated in Firefox and will be removed. Please use RENDERER.
JavaScript warning: https://pagead2.googlesyndication.com/bg/f8gou5y2Dfq0zn72-W9hYw99gWviw2ua4IRi-orcC78.js line 1 > eval line 6521 > eval line 1 > eval, line 1: WEBGL_debug_renderer_info is deprecated in Firefox and will be removed. Please use RENDERER.
JavaScript warning: https://creative-p.undertone.com/631/92341-1635783876/m67-0.html, line 1: asm.js type error: duplicate name 'e' not allowed
1640229431958	Marionette	INFO	Stopped listening on port 50467
JavaScript error: , line 0: TypeError: NetworkError when attempting to fetch resource.
JavaScript error: , line 0: TypeError: NetworkError when attempting to fetch resource.
JavaScript error: , line 0: TypeError: NetworkError when attempting to fetch resource.
JavaScript error: , line 0: TypeError: NetworkError when attempting to fetch resource.
JavaScript error: , line 0: TypeError: NetworkError when attempting to fetch resource.

###!!! [Child][RunMessage] Error: Channel closing: too late to send/recv, messages will be lost


###!!! [Child][RunMessage] Error: Channel closing: too late to send/recv, messages will be lost


###!!! [Child][RunMessage] Error: Channel closing: too late to send/recv, messages will be lost


###!!! [Child][RunMessage] Error: Channel closing: too late to send/recv, messages will be lost

console.warn: TopSitesFeed: Failed to fetch data from Contile server: NetworkError when attempting to fetch resource.

###!!! [Child][MessageChannel] Error: (msgtype=0x390147,name=PContent::Msg_ScriptError) Channel closing: too late to send/recv, messages will be lost


###!!! [Child][MessageChannel] Error: (msgtype=0x590004,name=PHttpChannel::Msg_Cancel) Channel closing: too late to send/recv, messages will be lost


###!!! [Child][MessageChannel] Error: (msgtype=0x590008,name=PHttpChannel::Msg_DeletingChannel) Channel closing: too late to send/recv, messages will be lost

JavaScript error: chrome://remote/content/marionette/cert.js, line 55: NS_ERROR_NOT_AVAILABLE: Component returned failure code: 0x80040111 (NS_ERROR_NOT_AVAILABLE) [nsICertOverrideService.setDisableAllSecurityChecksAndLetAttackersInterceptMyData]

###!!! [Parent][RunMessage] Error: Channel closing: too late to send/recv, messages will be lost

ou5y2Dfq0zn72-W9hYw99gWviw2ua4IRi-orcC78.js line 1 > eval line 1869 > eval line 1 > eval, line 1: WEBGL_debug_renderer_info is deprecated in Firefox and will be removed. Please use RENDERER.
JavaScript warning: https://creative-p.undertone.com/631/92341-1635783876/m67-0.html, line 1: asm.js type error: duplicate name 'e' not allowed
1640229433845	Marionette	INFO	Stopped listening on port 50879
JavaScript error: , line 0: TypeError: NetworkError when attempting to fetch resource.
JavaScript error: , line 0: TypeError: NetworkError when attempting to fetch resource.
JavaScript error: , line 0: TypeError: NetworkError when attempting to fetch resource.
JavaScript error: , line 0: TypeError: NetworkError when attempting to fetch resource.
JavaScript error: , line 0: TypeError: NetworkError when attempting to fetch resource.
console.warn: TopSitesFeed: Failed to fetch data from Contile server: NetworkError when attempting to fetch resource.
JavaScript error: chrome://remote/content/marionette/cert.js, line 55: NS_ERROR_NOT_AVAILABLE: Component returned failure code: 0x80040111 (NS_ERROR_NOT_AVAILABLE) [nsICertOverrideService.setDisableAllSecurityChecksAndLetAttackersInterceptMyData]
1640229512438	geckodriver	INFO	Listening on 127.0.0.1:51202
1640229515480	mozrunner::runner	INFO	Running command: "C:\\Program Files\\Mozilla Firefox\\firefox.exe" "--marionette" "-no-remote" "-profile" "C:\\Users\\stonk013\\AppData\\Local\\Temp\\rust_mozprofilezWIz2Y"
1640229515806	Marionette	INFO	Marionette enabled
console.warn: SearchSettings: "get: No settings file exists, new profile?" (new NotFoundError("Could not open the file at C:\\Users\\stonk013\\AppData\\Local\\Temp\\rust_mozprofilezWIz2Y\\search.json.mozlz4", (void 0)))
1640229517653	Marionette	INFO	Listening on port 51210
1640229518139	RemoteAgent	WARN	TLS certificate errors will be ignored for this session
JavaScript error: https://newsource-embed-prd.ns.cnn.com/videos/googlesdk.js, line 427: Error: IMA SDK is either not loaded from a google domain or is not a supported version.
[Child 11376, MediaDecoderStateMachine #1] WARNING: 206dec84f20 Could not set cubeb stream name.: file /builds/worker/checkouts/gecko/dom/media/AudioStream.cpp:367
JavaScript warning: https://pagead2.googlesyndication.com/bg/f8gou5y2Dfq0zn72-W9hYw99gWviw2ua4IRi-orcC78.js line 1 > eval line 3638 > eval line 1 > eval, line 1: WEBGL_debug_renderer_info is deprecated in Firefox and will be removed. Please use RENDERER.
JavaScript warning: https://z.moatads.com/espndfp832188684382/moatad.js#moatClientLevel1=4729836645&moatClientLevel2=2534695438&moatClientLevel3=5836903178&moatClientLevel4=138371886130&moatClientSlicer1=21782482296&moatClientSlicer2=21792374099&zMoatPS=sponsoredByLogo&zMoatSW=&zMoatAdUnitPath=/21783347309/kgo/abc7news.com/web/education&zMoatMData=&zMoatSZ=320x51&zMoatMGV=&zMoatMSafety=&zMoatMMV=, line 255: WEBGL_debug_renderer_info is deprecated in Firefox and will be removed. Please use RENDERER.
JavaScript warning: https://pix.adrta.com/cdnf.js?v=22.90, line 1: WEBGL_debug_renderer_info is deprecated in Firefox and will be removed. Please use RENDERER.
console.log: WebExtensions: reset-default-search: starting.
console.log: WebExtensions: reset-default-search: No addons in our list are installed.
JavaScript error: resource://gre/modules/AsyncShutdown.jsm, line 575: NotFoundError: No such JSWindowActor 'DevToolsFrame'
1640239612483	Marionette	INFO	Stopped listening on port 51210
console.error: PushServiceWebSocket: 
  _beginWSSetup: Not in shutdown state! Current state
  3
JavaScript error: chrome://remote/content/marionette/cert.js, line 55: NS_ERROR_NOT_AVAILABLE: Component returned failure code: 0x80040111 (NS_ERROR_NOT_AVAILABLE) [nsICertOverrideService.setDisableAllSecurityChecksAndLetAttackersInterceptMyData]
 0)))
1640232835638	Marionette	INFO	Listening on port 53268
1640232836011	RemoteAgent	WARN	TLS certificate errors will be ignored for this session
JavaScript error: https://newsource-embed-prd.ns.cnn.com/videos/googlesdk.js, line 427: Error: IMA SDK is either not loaded from a google domain or is not a supported version.
[Child 23388, MediaDecoderStateMachine #1] WARNING: 2298e935200 Could not set cubeb stream name.: file /builds/worker/checkouts/gecko/dom/media/AudioStream.cpp:367
JavaScript warning: https://z.moatads.com/espndfp832188684382/moatad.js#moatClientLevel1=4945030746&moatClientLevel2=2955035950&moatClientLevel3=5863391645&moatClientLevel4=138375739076&moatClientSlicer1=21782482296&moatClientSlicer2=21792374099&zMoatPS=leaderboard1&zMoatSW=&zMoatAdUnitPath=/21783347309/kgo/abc7news.com/web/education&zMoatMData=&zMoatSZ=728x90&zMoatMGV=&zMoatMSafety=&zMoatMMV=, line 255: WEBGL_debug_renderer_info is deprecated in Firefox and will be removed. Please use RENDERER.
JavaScript warning: https://pagead2.googlesyndication.com/bg/f8gou5y2Dfq0zn72-W9hYw99gWviw2ua4IRi-orcC78.js line 1 > eval line 3178 > eval, line 1: WEBGL_debug_renderer_info is deprecated in Firefox and will be removed. Please use RENDERER.
JavaScript warning: https://creative-p.undertone.com/631/92341-1635783876/m67-0.html, line 1: asm.js type error: duplicate name 'e' not allowed
console.log: WebExtensions: reset-default-search: starting.
console.log: WebExtensions: reset-default-search: No addons in our list are installed.
1640239610190	Marionette	INFO	Stopped listening on port 53268
console.warn: TopSitesFeed: Failed to fetch data from Contile server: NetworkError when attempting to fetch resource.
JavaScript error: chrome://remote/content/marionette/cert.js, line 55: NS_ERROR_NOT_AVAILABLE: Component returned failure code: 0x80040111 (NS_ERROR_NOT_AVAILABLE) [nsICertOverrideService.setDisableAllSecurityChecksAndLetAttackersInterceptMyData]
the file at C:\\Users\\stonk013\\AppData\\Local\\Temp\\rust_mozprofilemfDot9\\search.json.mozlz4", (void 0)))
1640236079664	Marionette	INFO	Listening on port 50889
1640236079885	RemoteAgent	WARN	TLS certificate errors will be ignored for this session
console.log: WebExtensions: reset-default-search: starting.
console.log: WebExtensions: reset-default-search: No addons in our list are installed.
1640238461318	Marionette	INFO	Stopped listening on port 50889
console.warn: TopSitesFeed: Failed to fetch data from Contile server: NetworkError when attempting to fetch resource.
JavaScript error: chrome://remote/content/marionette/cert.js, line 55: NS_ERROR_NOT_AVAILABLE: Component returned failure code: 0x80040111 (NS_ERROR_NOT_AVAILABLE) [nsICertOverrideService.setDisableAllSecurityChecksAndLetAttackersInterceptMyData]

###!!! [Parent][RunMessage] Error: Channel closing: too late to send/recv, messages will be lost

n
JavaScript warning: https://z.moatads.com/abcimavideo618769704984/moatvideo.js#_moatApi42881331, line 262: WEBGL_debug_renderer_info is deprecated in Firefox and will be removed. Please use RENDERER.
[Child 12252, MediaDecoderStateMachine #1] WARNING: 1b5dbb44e40 Could not set cubeb stream name.: file /builds/worker/checkouts/gecko/dom/media/AudioStream.cpp:367
JavaScript warning: https://pagead2.googlesyndication.com/bg/f8gou5y2Dfq0zn72-W9hYw99gWviw2ua4IRi-orcC78.js line 1 > eval line 630 > eval line 1 > eval, line 1: WEBGL_debug_renderer_info is deprecated in Firefox and will be removed. Please use RENDERER.
JavaScript warning: https://creative-p.undertone.com/2150/92144-1635261886/m67-0.html, line 1: asm.js type error: duplicate name 'e' not allowed
console.log: WebExtensions: reset-default-search: starting.
console.log: WebExtensions: reset-default-search: No addons in our list are installed.
1640239607741	Marionette	INFO	Stopped listening on port 50954
JavaScript error: , line 0: TypeError: NetworkError when attempting to fetch resource.
JavaScript error: , line 0: TypeError: NetworkError when attempting to fetch resource.
JavaScript error: , line 0: TypeError: NetworkError when attempting to fetch resource.
console.warn: TopSitesFeed: Failed to fetch data from Contile server: NetworkError when attempting to fetch resource.

###!!! [Child][MessageChannel] Error: (msgtype=0x590004,name=PHttpChannel::Msg_Cancel) Channel closing: too late to send/recv, messages will be lost


###!!! [Child][MessageChannel] Error: (msgtype=0x590008,name=PHttpChannel::Msg_DeletingChannel) Channel closing: too late to send/recv, messages will be lost

JavaScript error: chrome://remote/content/marionette/cert.js, line 55: NS_ERROR_NOT_AVAILABLE: Component returned failure code: 0x80040111 (NS_ERROR_NOT_AVAILABLE) [nsICertOverrideService.setDisableAllSecurityChecksAndLetAttackersInterceptMyData]

###!!! [Parent][RunMessage] Error: Channel closing: too late to send/recv, messages will be lost

